{"name":"hexo","hostname":"california_vps","pid":20433,"level":20,"msg":"Hexo version: \u001b[35m3.2.2\u001b[39m","time":"2016-10-31T06:09:18.718Z","v":0}
{"name":"hexo","hostname":"california_vps","pid":20433,"level":20,"msg":"Working directory: \u001b[35m~/hexo_blog/\u001b[39m","time":"2016-10-31T06:09:18.722Z","v":0}
{"name":"hexo","hostname":"california_vps","pid":20433,"level":20,"msg":"Config loaded: \u001b[35m~/hexo_blog/_config.yml\u001b[39m","time":"2016-10-31T06:09:18.853Z","v":0}
{"name":"hexo","hostname":"california_vps","pid":20433,"level":20,"msg":"Script loaded: \u001b[35mthemes/next/scripts/merge-configs.js\u001b[39m","time":"2016-10-31T06:09:18.869Z","v":0}
{"name":"hexo","hostname":"california_vps","pid":20433,"level":20,"msg":"Script loaded: \u001b[35mthemes/next/scripts/tags/center-quote.js\u001b[39m","time":"2016-10-31T06:09:18.870Z","v":0}
{"name":"hexo","hostname":"california_vps","pid":20433,"level":20,"msg":"Script loaded: \u001b[35mthemes/next/scripts/tags/full-image.js\u001b[39m","time":"2016-10-31T06:09:18.871Z","v":0}
{"name":"hexo","hostname":"california_vps","pid":20433,"level":20,"msg":"Script loaded: \u001b[35mthemes/next/scripts/tags/group-pictures.js\u001b[39m","time":"2016-10-31T06:09:18.872Z","v":0}
{"name":"hexo","hostname":"california_vps","pid":20433,"level":20,"msg":"Plugin loaded: \u001b[35mhexo-deployer-git\u001b[39m","time":"2016-10-31T06:09:18.875Z","v":0}
{"name":"hexo","hostname":"california_vps","pid":20433,"level":20,"msg":"Plugin loaded: \u001b[35mhexo-generator-archive\u001b[39m","time":"2016-10-31T06:09:18.878Z","v":0}
{"name":"hexo","hostname":"california_vps","pid":20433,"level":20,"msg":"Plugin loaded: \u001b[35mhexo-generator-category\u001b[39m","time":"2016-10-31T06:09:18.880Z","v":0}
{"name":"hexo","hostname":"california_vps","pid":20433,"level":20,"msg":"Plugin loaded: \u001b[35mhexo-generator-index\u001b[39m","time":"2016-10-31T06:09:18.883Z","v":0}
{"name":"hexo","hostname":"california_vps","pid":20433,"level":20,"msg":"Plugin loaded: \u001b[35mhexo-generator-tag\u001b[39m","time":"2016-10-31T06:09:18.885Z","v":0}
{"name":"hexo","hostname":"california_vps","pid":20433,"level":20,"msg":"Plugin loaded: \u001b[35mhexo-renderer-ejs\u001b[39m","time":"2016-10-31T06:09:18.888Z","v":0}
{"name":"hexo","hostname":"california_vps","pid":20433,"level":20,"msg":"Plugin loaded: \u001b[35mhexo-renderer-marked\u001b[39m","time":"2016-10-31T06:09:18.895Z","v":0}
{"name":"hexo","hostname":"california_vps","pid":20433,"level":20,"msg":"Plugin loaded: \u001b[35mhexo-renderer-stylus\u001b[39m","time":"2016-10-31T06:09:18.897Z","v":0}
{"name":"hexo","hostname":"california_vps","pid":20433,"level":20,"msg":"Plugin loaded: \u001b[35mhexo-server\u001b[39m","time":"2016-10-31T06:09:18.962Z","v":0}
{"name":"hexo","hostname":"california_vps","pid":20433,"level":20,"msg":"Loading database.","time":"2016-10-31T06:09:18.974Z","v":0}
{"name":"hexo","hostname":"california_vps","pid":20433,"level":30,"msg":"Start processing","time":"2016-10-31T06:09:18.985Z","v":0}
{"name":"hexo","hostname":"california_vps","pid":20433,"level":20,"msg":"Theme config loaded.","time":"2016-10-31T06:09:19.207Z","v":0}
{"name":"hexo","hostname":"california_vps","pid":20433,"level":20,"msg":"Processed: \u001b[35m_config.yml\u001b[39m","time":"2016-10-31T06:09:19.211Z","v":0}
{"name":"hexo","hostname":"california_vps","pid":20433,"level":20,"msg":"Processed: \u001b[35msource/css/main.styl\u001b[39m","time":"2016-10-31T06:09:19.223Z","v":0}
{"name":"hexo","hostname":"california_vps","pid":20433,"level":20,"msg":"Processed: \u001b[35msource/images/avatar.gif\u001b[39m","time":"2016-10-31T06:09:19.225Z","v":0}
{"name":"hexo","hostname":"california_vps","pid":20433,"level":20,"msg":"Processed: \u001b[35msource/images/cc-by-nc-nd.svg\u001b[39m","time":"2016-10-31T06:09:19.225Z","v":0}
{"name":"hexo","hostname":"california_vps","pid":20433,"level":20,"msg":"Processed: \u001b[35msource/images/cc-by-nc-sa.svg\u001b[39m","time":"2016-10-31T06:09:19.225Z","v":0}
{"name":"hexo","hostname":"california_vps","pid":20433,"level":20,"msg":"Processed: \u001b[35msource/images/cc-by-nc.svg\u001b[39m","time":"2016-10-31T06:09:19.227Z","v":0}
{"name":"hexo","hostname":"california_vps","pid":20433,"level":20,"msg":"Processed: \u001b[35msource/images/cc-by-nd.svg\u001b[39m","time":"2016-10-31T06:09:19.227Z","v":0}
{"name":"hexo","hostname":"california_vps","pid":20433,"level":20,"msg":"Processed: \u001b[35msource/images/cc-by-sa.svg\u001b[39m","time":"2016-10-31T06:09:19.228Z","v":0}
{"name":"hexo","hostname":"california_vps","pid":20433,"level":20,"msg":"Processed: \u001b[35msource/images/cc-by.svg\u001b[39m","time":"2016-10-31T06:09:19.229Z","v":0}
{"name":"hexo","hostname":"california_vps","pid":20433,"level":20,"msg":"Processed: \u001b[35msource/images/cc-zero.svg\u001b[39m","time":"2016-10-31T06:09:19.236Z","v":0}
{"name":"hexo","hostname":"california_vps","pid":20433,"level":20,"msg":"Processed: \u001b[35msource/images/loading.gif\u001b[39m","time":"2016-10-31T06:09:19.238Z","v":0}
{"name":"hexo","hostname":"california_vps","pid":20433,"level":20,"msg":"Processed: \u001b[35msource/images/placeholder.gif\u001b[39m","time":"2016-10-31T06:09:19.238Z","v":0}
{"name":"hexo","hostname":"california_vps","pid":20433,"level":20,"msg":"Processed: \u001b[35msource/images/quote-l.svg\u001b[39m","time":"2016-10-31T06:09:19.239Z","v":0}
{"name":"hexo","hostname":"california_vps","pid":20433,"level":20,"msg":"Processed: \u001b[35msource/images/quote-r.svg\u001b[39m","time":"2016-10-31T06:09:19.239Z","v":0}
{"name":"hexo","hostname":"california_vps","pid":20433,"level":20,"msg":"Processed: \u001b[35msource/images/searchicon.png\u001b[39m","time":"2016-10-31T06:09:19.240Z","v":0}
{"name":"hexo","hostname":"california_vps","pid":20433,"level":20,"msg":"Processed: \u001b[35mlayout/_layout.swig\u001b[39m","time":"2016-10-31T06:09:19.538Z","v":0}
{"name":"hexo","hostname":"california_vps","pid":20433,"level":20,"msg":"Processed: \u001b[35mlayout/archive.swig\u001b[39m","time":"2016-10-31T06:09:19.538Z","v":0}
{"name":"hexo","hostname":"california_vps","pid":20433,"level":20,"msg":"Processed: \u001b[35mlayout/category.swig\u001b[39m","time":"2016-10-31T06:09:19.538Z","v":0}
{"name":"hexo","hostname":"california_vps","pid":20433,"level":20,"msg":"Processed: \u001b[35mlayout/index.swig\u001b[39m","time":"2016-10-31T06:09:19.538Z","v":0}
{"name":"hexo","hostname":"california_vps","pid":20433,"level":20,"msg":"Processed: \u001b[35mlayout/page.swig\u001b[39m","time":"2016-10-31T06:09:19.538Z","v":0}
{"name":"hexo","hostname":"california_vps","pid":20433,"level":20,"msg":"Processed: \u001b[35mlayout/post.swig\u001b[39m","time":"2016-10-31T06:09:19.538Z","v":0}
{"name":"hexo","hostname":"california_vps","pid":20433,"level":20,"msg":"Processed: \u001b[35mlayout/schedule.swig\u001b[39m","time":"2016-10-31T06:09:19.539Z","v":0}
{"name":"hexo","hostname":"california_vps","pid":20433,"level":20,"msg":"Processed: \u001b[35mlayout/tag.swig\u001b[39m","time":"2016-10-31T06:09:19.539Z","v":0}
{"name":"hexo","hostname":"california_vps","pid":20433,"level":20,"msg":"Processed: \u001b[35mlanguages/de.yml\u001b[39m","time":"2016-10-31T06:09:19.547Z","v":0}
{"name":"hexo","hostname":"california_vps","pid":20433,"level":20,"msg":"Processed: \u001b[35mlanguages/default.yml\u001b[39m","time":"2016-10-31T06:09:19.548Z","v":0}
{"name":"hexo","hostname":"california_vps","pid":20433,"level":20,"msg":"Processed: \u001b[35mlanguages/en.yml\u001b[39m","time":"2016-10-31T06:09:19.548Z","v":0}
{"name":"hexo","hostname":"california_vps","pid":20433,"level":20,"msg":"Processed: \u001b[35mlanguages/fr-FR.yml\u001b[39m","time":"2016-10-31T06:09:19.548Z","v":0}
{"name":"hexo","hostname":"california_vps","pid":20433,"level":20,"msg":"Processed: \u001b[35mlanguages/id.yml\u001b[39m","time":"2016-10-31T06:09:19.548Z","v":0}
{"name":"hexo","hostname":"california_vps","pid":20433,"level":20,"msg":"Processed: \u001b[35mlanguages/ja.yml\u001b[39m","time":"2016-10-31T06:09:19.548Z","v":0}
{"name":"hexo","hostname":"california_vps","pid":20433,"level":20,"msg":"Processed: \u001b[35mlanguages/ko.yml\u001b[39m","time":"2016-10-31T06:09:19.548Z","v":0}
{"name":"hexo","hostname":"california_vps","pid":20433,"level":20,"msg":"Processed: \u001b[35mlanguages/pt-BR.yml\u001b[39m","time":"2016-10-31T06:09:19.548Z","v":0}
{"name":"hexo","hostname":"california_vps","pid":20433,"level":20,"msg":"Processed: \u001b[35mlanguages/pt.yml\u001b[39m","time":"2016-10-31T06:09:19.548Z","v":0}
{"name":"hexo","hostname":"california_vps","pid":20433,"level":20,"msg":"Processed: \u001b[35mlanguages/ru.yml\u001b[39m","time":"2016-10-31T06:09:19.549Z","v":0}
{"name":"hexo","hostname":"california_vps","pid":20433,"level":20,"msg":"Processed: \u001b[35mlanguages/zh-Hans.yml\u001b[39m","time":"2016-10-31T06:09:19.550Z","v":0}
{"name":"hexo","hostname":"california_vps","pid":20433,"level":20,"msg":"Processed: \u001b[35mlanguages/zh-hk.yml\u001b[39m","time":"2016-10-31T06:09:19.550Z","v":0}
{"name":"hexo","hostname":"california_vps","pid":20433,"level":20,"msg":"Processed: \u001b[35mlanguages/zh-tw.yml\u001b[39m","time":"2016-10-31T06:09:19.550Z","v":0}
{"name":"hexo","hostname":"california_vps","pid":20433,"level":20,"msg":"Processed: \u001b[35msource/js/src/affix.js\u001b[39m","time":"2016-10-31T06:09:19.560Z","v":0}
{"name":"hexo","hostname":"california_vps","pid":20433,"level":20,"msg":"Processed: \u001b[35msource/js/src/bootstrap.js\u001b[39m","time":"2016-10-31T06:09:19.560Z","v":0}
{"name":"hexo","hostname":"california_vps","pid":20433,"level":20,"msg":"Processed: \u001b[35msource/js/src/hook-duoshuo.js\u001b[39m","time":"2016-10-31T06:09:19.561Z","v":0}
{"name":"hexo","hostname":"california_vps","pid":20433,"level":20,"msg":"Processed: \u001b[35msource/js/src/motion.js\u001b[39m","time":"2016-10-31T06:09:19.561Z","v":0}
{"name":"hexo","hostname":"california_vps","pid":20433,"level":20,"msg":"Processed: \u001b[35msource/js/src/post-details.js\u001b[39m","time":"2016-10-31T06:09:19.562Z","v":0}
{"name":"hexo","hostname":"california_vps","pid":20433,"level":20,"msg":"Processed: \u001b[35msource/js/src/scrollspy.js\u001b[39m","time":"2016-10-31T06:09:19.562Z","v":0}
{"name":"hexo","hostname":"california_vps","pid":20433,"level":20,"msg":"Processed: \u001b[35msource/js/src/utils.js\u001b[39m","time":"2016-10-31T06:09:19.565Z","v":0}
{"name":"hexo","hostname":"california_vps","pid":20433,"level":20,"msg":"Processed: \u001b[35msource/vendors/fastclick/LICENSE\u001b[39m","time":"2016-10-31T06:09:19.574Z","v":0}
{"name":"hexo","hostname":"california_vps","pid":20433,"level":20,"msg":"Processed: \u001b[35msource/vendors/fastclick/README.md\u001b[39m","time":"2016-10-31T06:09:19.575Z","v":0}
{"name":"hexo","hostname":"california_vps","pid":20433,"level":20,"msg":"Processed: \u001b[35msource/vendors/fastclick/bower.json\u001b[39m","time":"2016-10-31T06:09:19.575Z","v":0}
{"name":"hexo","hostname":"california_vps","pid":20433,"level":20,"msg":"Processed: \u001b[35msource/vendors/font-awesome/HELP-US-OUT.txt\u001b[39m","time":"2016-10-31T06:09:19.576Z","v":0}
{"name":"hexo","hostname":"california_vps","pid":20433,"level":20,"msg":"Processed: \u001b[35msource/vendors/font-awesome/bower.json\u001b[39m","time":"2016-10-31T06:09:19.576Z","v":0}
{"name":"hexo","hostname":"california_vps","pid":20433,"level":20,"msg":"Processed: \u001b[35msource/vendors/jquery_lazyload/CONTRIBUTING.md\u001b[39m","time":"2016-10-31T06:09:19.577Z","v":0}
{"name":"hexo","hostname":"california_vps","pid":20433,"level":20,"msg":"Processed: \u001b[35msource/vendors/jquery_lazyload/README.md\u001b[39m","time":"2016-10-31T06:09:19.577Z","v":0}
{"name":"hexo","hostname":"california_vps","pid":20433,"level":20,"msg":"Processed: \u001b[35msource/vendors/jquery_lazyload/bower.json\u001b[39m","time":"2016-10-31T06:09:19.577Z","v":0}
{"name":"hexo","hostname":"california_vps","pid":20433,"level":20,"msg":"Processed: \u001b[35msource/vendors/jquery_lazyload/jquery.lazyload.js\u001b[39m","time":"2016-10-31T06:09:19.577Z","v":0}
{"name":"hexo","hostname":"california_vps","pid":20433,"level":20,"msg":"Processed: \u001b[35msource/vendors/jquery_lazyload/jquery.scrollstop.js\u001b[39m","time":"2016-10-31T06:09:19.578Z","v":0}
{"name":"hexo","hostname":"california_vps","pid":20433,"level":20,"msg":"Processed: \u001b[35msource/vendors/velocity/bower.json\u001b[39m","time":"2016-10-31T06:09:19.578Z","v":0}
{"name":"hexo","hostname":"california_vps","pid":20433,"level":20,"msg":"Processed: \u001b[35msource/vendors/velocity/velocity.min.js\u001b[39m","time":"2016-10-31T06:09:19.579Z","v":0}
{"name":"hexo","hostname":"california_vps","pid":20433,"level":20,"msg":"Processed: \u001b[35msource/vendors/velocity/velocity.ui.js\u001b[39m","time":"2016-10-31T06:09:19.582Z","v":0}
{"name":"hexo","hostname":"california_vps","pid":20433,"level":20,"msg":"Processed: \u001b[35msource/vendors/velocity/velocity.ui.min.js\u001b[39m","time":"2016-10-31T06:09:19.582Z","v":0}
{"name":"hexo","hostname":"california_vps","pid":20433,"level":20,"msg":"Processed: \u001b[35msource/vendors/jquery/index.js\u001b[39m","time":"2016-10-31T06:09:19.604Z","v":0}
{"name":"hexo","hostname":"california_vps","pid":20433,"level":20,"msg":"Processed: \u001b[35mlayout/_macro/post-collapse.swig\u001b[39m","time":"2016-10-31T06:09:19.664Z","v":0}
{"name":"hexo","hostname":"california_vps","pid":20433,"level":20,"msg":"Processed: \u001b[35mlayout/_macro/post.swig\u001b[39m","time":"2016-10-31T06:09:19.664Z","v":0}
{"name":"hexo","hostname":"california_vps","pid":20433,"level":20,"msg":"Processed: \u001b[35mlayout/_macro/reward.swig\u001b[39m","time":"2016-10-31T06:09:19.667Z","v":0}
{"name":"hexo","hostname":"california_vps","pid":20433,"level":20,"msg":"Processed: \u001b[35mlayout/_macro/sidebar.swig\u001b[39m","time":"2016-10-31T06:09:19.667Z","v":0}
{"name":"hexo","hostname":"california_vps","pid":20433,"level":20,"msg":"Processed: \u001b[35mlayout/_macro/wechat-subscriber.swig\u001b[39m","time":"2016-10-31T06:09:19.667Z","v":0}
{"name":"hexo","hostname":"california_vps","pid":20433,"level":20,"msg":"Processed: \u001b[35mlayout/_partials/comments.swig\u001b[39m","time":"2016-10-31T06:09:19.667Z","v":0}
{"name":"hexo","hostname":"california_vps","pid":20433,"level":20,"msg":"Processed: \u001b[35mlayout/_partials/duoshuo-hot-articles.swig\u001b[39m","time":"2016-10-31T06:09:19.667Z","v":0}
{"name":"hexo","hostname":"california_vps","pid":20433,"level":20,"msg":"Processed: \u001b[35mlayout/_partials/footer.swig\u001b[39m","time":"2016-10-31T06:09:19.667Z","v":0}
{"name":"hexo","hostname":"california_vps","pid":20433,"level":20,"msg":"Processed: \u001b[35mlayout/_partials/head.swig\u001b[39m","time":"2016-10-31T06:09:19.667Z","v":0}
{"name":"hexo","hostname":"california_vps","pid":20433,"level":20,"msg":"Processed: \u001b[35mlayout/_partials/header.swig\u001b[39m","time":"2016-10-31T06:09:19.667Z","v":0}
{"name":"hexo","hostname":"california_vps","pid":20433,"level":20,"msg":"Processed: \u001b[35mlayout/_partials/pagination.swig\u001b[39m","time":"2016-10-31T06:09:19.668Z","v":0}
{"name":"hexo","hostname":"california_vps","pid":20433,"level":20,"msg":"Processed: \u001b[35mlayout/_partials/search.swig\u001b[39m","time":"2016-10-31T06:09:19.668Z","v":0}
{"name":"hexo","hostname":"california_vps","pid":20433,"level":20,"msg":"Processed: \u001b[35mlayout/_scripts/baidu-push.swig\u001b[39m","time":"2016-10-31T06:09:19.668Z","v":0}
{"name":"hexo","hostname":"california_vps","pid":20433,"level":20,"msg":"Processed: \u001b[35mlayout/_scripts/boostrap.swig\u001b[39m","time":"2016-10-31T06:09:19.668Z","v":0}
{"name":"hexo","hostname":"california_vps","pid":20433,"level":20,"msg":"Processed: \u001b[35mlayout/_scripts/commons.swig\u001b[39m","time":"2016-10-31T06:09:19.668Z","v":0}
{"name":"hexo","hostname":"california_vps","pid":20433,"level":20,"msg":"Processed: \u001b[35mlayout/_scripts/vendors.swig\u001b[39m","time":"2016-10-31T06:09:19.668Z","v":0}
{"name":"hexo","hostname":"california_vps","pid":20433,"level":20,"msg":"Processed: \u001b[35m_posts/hello-world.md\u001b[39m","time":"2016-10-31T06:09:19.678Z","v":0}
{"name":"hexo","hostname":"california_vps","pid":20433,"level":20,"msg":"Processed: \u001b[35msource/js/src/schemes/pisces.js\u001b[39m","time":"2016-10-31T06:09:19.685Z","v":0}
{"name":"hexo","hostname":"california_vps","pid":20433,"level":20,"msg":"Processed: \u001b[35msource/vendors/fancybox/source/blank.gif\u001b[39m","time":"2016-10-31T06:09:19.686Z","v":0}
{"name":"hexo","hostname":"california_vps","pid":20433,"level":20,"msg":"Processed: \u001b[35msource/vendors/fancybox/source/fancybox_loading.gif\u001b[39m","time":"2016-10-31T06:09:19.686Z","v":0}
{"name":"hexo","hostname":"california_vps","pid":20433,"level":20,"msg":"Processed: \u001b[35msource/vendors/fancybox/source/fancybox_loading@2x.gif\u001b[39m","time":"2016-10-31T06:09:19.686Z","v":0}
{"name":"hexo","hostname":"california_vps","pid":20433,"level":20,"msg":"Processed: \u001b[35msource/vendors/fancybox/source/fancybox_overlay.png\u001b[39m","time":"2016-10-31T06:09:19.687Z","v":0}
{"name":"hexo","hostname":"california_vps","pid":20433,"level":20,"msg":"Processed: \u001b[35msource/vendors/fancybox/source/fancybox_sprite.png\u001b[39m","time":"2016-10-31T06:09:19.687Z","v":0}
{"name":"hexo","hostname":"california_vps","pid":20433,"level":20,"msg":"Processed: \u001b[35msource/vendors/fancybox/source/fancybox_sprite@2x.png\u001b[39m","time":"2016-10-31T06:09:19.687Z","v":0}
{"name":"hexo","hostname":"california_vps","pid":20433,"level":20,"msg":"Processed: \u001b[35msource/vendors/fancybox/source/jquery.fancybox.css\u001b[39m","time":"2016-10-31T06:09:19.688Z","v":0}
{"name":"hexo","hostname":"california_vps","pid":20433,"level":20,"msg":"Processed: \u001b[35msource/vendors/fancybox/source/jquery.fancybox.js\u001b[39m","time":"2016-10-31T06:09:19.689Z","v":0}
{"name":"hexo","hostname":"california_vps","pid":20433,"level":20,"msg":"Processed: \u001b[35msource/vendors/fancybox/source/jquery.fancybox.pack.js\u001b[39m","time":"2016-10-31T06:09:19.690Z","v":0}
{"name":"hexo","hostname":"california_vps","pid":20433,"level":20,"msg":"Processed: \u001b[35msource/vendors/fastclick/lib/fastclick.js\u001b[39m","time":"2016-10-31T06:09:19.691Z","v":0}
{"name":"hexo","hostname":"california_vps","pid":20433,"level":20,"msg":"Processed: \u001b[35msource/vendors/fastclick/lib/fastclick.min.js\u001b[39m","time":"2016-10-31T06:09:19.691Z","v":0}
{"name":"hexo","hostname":"california_vps","pid":20433,"level":20,"msg":"Processed: \u001b[35msource/vendors/font-awesome/css/font-awesome.css\u001b[39m","time":"2016-10-31T06:09:19.691Z","v":0}
{"name":"hexo","hostname":"california_vps","pid":20433,"level":20,"msg":"Processed: \u001b[35msource/vendors/font-awesome/css/font-awesome.css.map\u001b[39m","time":"2016-10-31T06:09:19.692Z","v":0}
{"name":"hexo","hostname":"california_vps","pid":20433,"level":20,"msg":"Processed: \u001b[35msource/vendors/font-awesome/css/font-awesome.min.css\u001b[39m","time":"2016-10-31T06:09:19.692Z","v":0}
{"name":"hexo","hostname":"california_vps","pid":20433,"level":20,"msg":"Processed: \u001b[35msource/vendors/font-awesome/fonts/fontawesome-webfont.woff2\u001b[39m","time":"2016-10-31T06:09:19.692Z","v":0}
{"name":"hexo","hostname":"california_vps","pid":20433,"level":20,"msg":"Processed: \u001b[35msource/vendors/ua-parser-js/dist/ua-parser.min.js\u001b[39m","time":"2016-10-31T06:09:19.692Z","v":0}
{"name":"hexo","hostname":"california_vps","pid":20433,"level":20,"msg":"Processed: \u001b[35msource/vendors/ua-parser-js/dist/ua-parser.pack.js\u001b[39m","time":"2016-10-31T06:09:19.692Z","v":0}
{"name":"hexo","hostname":"california_vps","pid":20433,"level":20,"msg":"Processed: \u001b[35mlayout/_scripts/schemes/mist.swig\u001b[39m","time":"2016-10-31T06:09:19.735Z","v":0}
{"name":"hexo","hostname":"california_vps","pid":20433,"level":20,"msg":"Processed: \u001b[35mlayout/_scripts/schemes/muse.swig\u001b[39m","time":"2016-10-31T06:09:19.736Z","v":0}
{"name":"hexo","hostname":"california_vps","pid":20433,"level":20,"msg":"Processed: \u001b[35msource/vendors/font-awesome/fonts/FontAwesome.otf\u001b[39m","time":"2016-10-31T06:09:19.737Z","v":0}
{"name":"hexo","hostname":"california_vps","pid":20433,"level":20,"msg":"Processed: \u001b[35msource/vendors/font-awesome/fonts/fontawesome-webfont.eot\u001b[39m","time":"2016-10-31T06:09:19.737Z","v":0}
{"name":"hexo","hostname":"california_vps","pid":20433,"level":20,"msg":"Processed: \u001b[35msource/vendors/font-awesome/fonts/fontawesome-webfont.woff\u001b[39m","time":"2016-10-31T06:09:19.737Z","v":0}
{"name":"hexo","hostname":"california_vps","pid":20433,"level":20,"msg":"Processed: \u001b[35msource/vendors/velocity/velocity.js\u001b[39m","time":"2016-10-31T06:09:19.737Z","v":0}
{"name":"hexo","hostname":"california_vps","pid":20433,"level":20,"msg":"Processed: \u001b[35mlayout/_partials/head/external-fonts.swig\u001b[39m","time":"2016-10-31T06:09:19.767Z","v":0}
{"name":"hexo","hostname":"california_vps","pid":20433,"level":20,"msg":"Processed: \u001b[35mlayout/_partials/search/localsearch.swig\u001b[39m","time":"2016-10-31T06:09:19.768Z","v":0}
{"name":"hexo","hostname":"california_vps","pid":20433,"level":20,"msg":"Processed: \u001b[35mlayout/_partials/search/swiftype.swig\u001b[39m","time":"2016-10-31T06:09:19.768Z","v":0}
{"name":"hexo","hostname":"california_vps","pid":20433,"level":20,"msg":"Processed: \u001b[35mlayout/_partials/search/tinysou.swig\u001b[39m","time":"2016-10-31T06:09:19.768Z","v":0}
{"name":"hexo","hostname":"california_vps","pid":20433,"level":20,"msg":"Processed: \u001b[35mlayout/_partials/share/add-this.swig\u001b[39m","time":"2016-10-31T06:09:19.768Z","v":0}
{"name":"hexo","hostname":"california_vps","pid":20433,"level":20,"msg":"Processed: \u001b[35mlayout/_partials/share/baidushare.swig\u001b[39m","time":"2016-10-31T06:09:19.768Z","v":0}
{"name":"hexo","hostname":"california_vps","pid":20433,"level":20,"msg":"Processed: \u001b[35mlayout/_partials/share/duoshuo_share.swig\u001b[39m","time":"2016-10-31T06:09:19.768Z","v":0}
{"name":"hexo","hostname":"california_vps","pid":20433,"level":20,"msg":"Processed: \u001b[35mlayout/_partials/share/jiathis.swig\u001b[39m","time":"2016-10-31T06:09:19.768Z","v":0}
{"name":"hexo","hostname":"california_vps","pid":20433,"level":20,"msg":"Processed: \u001b[35mlayout/_scripts/pages/post-details.swig\u001b[39m","time":"2016-10-31T06:09:19.768Z","v":0}
{"name":"hexo","hostname":"california_vps","pid":20433,"level":20,"msg":"Processed: \u001b[35mlayout/_scripts/schemes/pisces.swig\u001b[39m","time":"2016-10-31T06:09:19.768Z","v":0}
{"name":"hexo","hostname":"california_vps","pid":20433,"level":20,"msg":"Processed: \u001b[35mlayout/_scripts/third-party/analytics.swig\u001b[39m","time":"2016-10-31T06:09:19.768Z","v":0}
{"name":"hexo","hostname":"california_vps","pid":20433,"level":20,"msg":"Processed: \u001b[35mlayout/_scripts/third-party/comments.swig\u001b[39m","time":"2016-10-31T06:09:19.768Z","v":0}
{"name":"hexo","hostname":"california_vps","pid":20433,"level":20,"msg":"Processed: \u001b[35mlayout/_scripts/third-party/lean-analytics.swig\u001b[39m","time":"2016-10-31T06:09:19.768Z","v":0}
{"name":"hexo","hostname":"california_vps","pid":20433,"level":20,"msg":"Processed: \u001b[35mlayout/_scripts/third-party/localsearch.swig\u001b[39m","time":"2016-10-31T06:09:19.769Z","v":0}
{"name":"hexo","hostname":"california_vps","pid":20433,"level":20,"msg":"Processed: \u001b[35mlayout/_scripts/third-party/mathjax.swig\u001b[39m","time":"2016-10-31T06:09:19.771Z","v":0}
{"name":"hexo","hostname":"california_vps","pid":20433,"level":20,"msg":"Processed: \u001b[35mlayout/_scripts/third-party/schedule.swig\u001b[39m","time":"2016-10-31T06:09:19.771Z","v":0}
{"name":"hexo","hostname":"california_vps","pid":20433,"level":20,"msg":"Processed: \u001b[35mlayout/_scripts/third-party/tinysou.swig\u001b[39m","time":"2016-10-31T06:09:19.771Z","v":0}
{"name":"hexo","hostname":"california_vps","pid":20433,"level":20,"msg":"Processed: \u001b[35msource/vendors/fancybox/source/helpers/fancybox_buttons.png\u001b[39m","time":"2016-10-31T06:09:19.786Z","v":0}
{"name":"hexo","hostname":"california_vps","pid":20433,"level":20,"msg":"Processed: \u001b[35msource/vendors/fancybox/source/helpers/jquery.fancybox-buttons.css\u001b[39m","time":"2016-10-31T06:09:19.787Z","v":0}
{"name":"hexo","hostname":"california_vps","pid":20433,"level":20,"msg":"Processed: \u001b[35msource/vendors/fancybox/source/helpers/jquery.fancybox-buttons.js\u001b[39m","time":"2016-10-31T06:09:19.787Z","v":0}
{"name":"hexo","hostname":"california_vps","pid":20433,"level":20,"msg":"Processed: \u001b[35msource/vendors/fancybox/source/helpers/jquery.fancybox-media.js\u001b[39m","time":"2016-10-31T06:09:19.787Z","v":0}
{"name":"hexo","hostname":"california_vps","pid":20433,"level":20,"msg":"Processed: \u001b[35msource/vendors/fancybox/source/helpers/jquery.fancybox-thumbs.css\u001b[39m","time":"2016-10-31T06:09:19.788Z","v":0}
{"name":"hexo","hostname":"california_vps","pid":20433,"level":20,"msg":"Processed: \u001b[35msource/vendors/fancybox/source/helpers/jquery.fancybox-thumbs.js\u001b[39m","time":"2016-10-31T06:09:19.788Z","v":0}
{"name":"hexo","hostname":"california_vps","pid":20433,"level":20,"msg":"Processed: \u001b[35msource/vendors/font-awesome/fonts/fontawesome-webfont.ttf\u001b[39m","time":"2016-10-31T06:09:19.788Z","v":0}
{"name":"hexo","hostname":"california_vps","pid":20433,"level":20,"msg":"Processed: \u001b[35mlayout/_scripts/third-party/analytics/baidu-analytics.swig\u001b[39m","time":"2016-10-31T06:09:19.798Z","v":0}
{"name":"hexo","hostname":"california_vps","pid":20433,"level":20,"msg":"Processed: \u001b[35mlayout/_scripts/third-party/analytics/busuanzi-counter.swig\u001b[39m","time":"2016-10-31T06:09:19.798Z","v":0}
{"name":"hexo","hostname":"california_vps","pid":20433,"level":20,"msg":"Processed: \u001b[35mlayout/_scripts/third-party/analytics/cnzz-analytics.swig\u001b[39m","time":"2016-10-31T06:09:19.798Z","v":0}
{"name":"hexo","hostname":"california_vps","pid":20433,"level":20,"msg":"Processed: \u001b[35mlayout/_scripts/third-party/analytics/facebook-sdk.swig\u001b[39m","time":"2016-10-31T06:09:19.798Z","v":0}
{"name":"hexo","hostname":"california_vps","pid":20433,"level":20,"msg":"Processed: \u001b[35mlayout/_scripts/third-party/analytics/google-analytics.swig\u001b[39m","time":"2016-10-31T06:09:19.798Z","v":0}
{"name":"hexo","hostname":"california_vps","pid":20433,"level":20,"msg":"Processed: \u001b[35mlayout/_scripts/third-party/analytics/tencent-analytics.swig\u001b[39m","time":"2016-10-31T06:09:19.798Z","v":0}
{"name":"hexo","hostname":"california_vps","pid":20433,"level":20,"msg":"Processed: \u001b[35mlayout/_scripts/third-party/comments/disqus.swig\u001b[39m","time":"2016-10-31T06:09:19.798Z","v":0}
{"name":"hexo","hostname":"california_vps","pid":20433,"level":20,"msg":"Processed: \u001b[35mlayout/_scripts/third-party/comments/duoshuo.swig\u001b[39m","time":"2016-10-31T06:09:19.798Z","v":0}
{"name":"hexo","hostname":"california_vps","pid":20433,"level":20,"msg":"Processed: \u001b[35msource/vendors/font-awesome/fonts/fontawesome-webfont.svg\u001b[39m","time":"2016-10-31T06:09:19.801Z","v":0}
{"name":"hexo","hostname":"california_vps","pid":20433,"level":20,"msg":"Generator: \u001b[35mpage\u001b[39m","time":"2016-10-31T06:09:20.148Z","v":0}
{"name":"hexo","hostname":"california_vps","pid":20433,"level":20,"msg":"Generator: \u001b[35mpost\u001b[39m","time":"2016-10-31T06:09:20.148Z","v":0}
{"name":"hexo","hostname":"california_vps","pid":20433,"level":20,"msg":"Generator: \u001b[35marchive\u001b[39m","time":"2016-10-31T06:09:20.148Z","v":0}
{"name":"hexo","hostname":"california_vps","pid":20433,"level":20,"msg":"Generator: \u001b[35mcategory\u001b[39m","time":"2016-10-31T06:09:20.148Z","v":0}
{"name":"hexo","hostname":"california_vps","pid":20433,"level":20,"msg":"Generator: \u001b[35mindex\u001b[39m","time":"2016-10-31T06:09:20.148Z","v":0}
{"name":"hexo","hostname":"california_vps","pid":20433,"level":20,"msg":"Generator: \u001b[35mtag\u001b[39m","time":"2016-10-31T06:09:20.148Z","v":0}
{"name":"hexo","hostname":"california_vps","pid":20433,"level":20,"msg":"Generator: \u001b[35masset\u001b[39m","time":"2016-10-31T06:09:20.150Z","v":0}
{"name":"hexo","hostname":"california_vps","pid":20433,"level":30,"msg":"Hexo is running at \u001b[4mhttp://localhost:4000/\u001b[24m. Press Ctrl+C to stop.","time":"2016-10-31T06:09:20.156Z","v":0}
{"name":"hexo","hostname":"california_vps","pid":20433,"level":20,"msg":"Database saved","time":"2016-10-31T06:09:20.185Z","v":0}
{"name":"hexo","hostname":"california_vps","pid":20433,"level":20,"msg":"Rendering index: \u001b[35mindex.html\u001b[39m","time":"2016-10-31T06:09:28.953Z","v":0}
{"name":"hexo","hostname":"california_vps","pid":20433,"level":20,"msg":"Rendering index: \u001b[35mindex.html\u001b[39m","time":"2016-10-31T06:09:39.026Z","v":0}
{"name":"hexo","hostname":"california_vps","pid":20433,"level":30,"msg":"Bye!","time":"2016-10-31T06:10:52.369Z","v":0}
{"name":"hexo","hostname":"california_vps","pid":20433,"level":20,"msg":"Database saved","time":"2016-10-31T06:10:52.422Z","v":0}
{"name":"hexo","hostname":"California_VPS","pid":7318,"level":20,"msg":"Hexo version: \u001b[35m3.2.2\u001b[39m","time":"2017-11-02T08:17:58.493Z","v":0}
{"name":"hexo","hostname":"California_VPS","pid":7318,"level":20,"msg":"Working directory: \u001b[35m~/hexo-blog/\u001b[39m","time":"2017-11-02T08:17:58.495Z","v":0}
{"name":"hexo","hostname":"California_VPS","pid":7318,"level":20,"msg":"Config loaded: \u001b[35m~/hexo-blog/_config.yml\u001b[39m","time":"2017-11-02T08:17:58.610Z","v":0}
{"name":"hexo","hostname":"California_VPS","pid":7318,"level":20,"msg":"Plugin loaded: \u001b[35mhexo-deployer-git\u001b[39m","time":"2017-11-02T08:17:58.625Z","v":0}
{"name":"hexo","hostname":"California_VPS","pid":7318,"level":20,"msg":"Plugin loaded: \u001b[35mhexo-generator-archive\u001b[39m","time":"2017-11-02T08:17:58.629Z","v":0}
{"name":"hexo","hostname":"California_VPS","pid":7318,"level":20,"msg":"Plugin loaded: \u001b[35mhexo-generator-baidu-sitemap\u001b[39m","time":"2017-11-02T08:17:58.633Z","v":0}
{"name":"hexo","hostname":"California_VPS","pid":7318,"level":20,"msg":"Plugin loaded: \u001b[35mhexo-generator-category\u001b[39m","time":"2017-11-02T08:17:58.635Z","v":0}
{"name":"hexo","hostname":"California_VPS","pid":7318,"level":20,"msg":"Plugin loaded: \u001b[35mhexo-generator-index\u001b[39m","time":"2017-11-02T08:17:58.637Z","v":0}
{"name":"hexo","hostname":"California_VPS","pid":7318,"level":20,"msg":"Plugin loaded: \u001b[35mhexo-generator-sitemap\u001b[39m","time":"2017-11-02T08:17:58.639Z","v":0}
{"name":"hexo","hostname":"California_VPS","pid":7318,"level":20,"msg":"Plugin loaded: \u001b[35mhexo-generator-tag\u001b[39m","time":"2017-11-02T08:17:58.641Z","v":0}
{"name":"hexo","hostname":"California_VPS","pid":7318,"level":20,"msg":"Plugin loaded: \u001b[35mhexo-renderer-ejs\u001b[39m","time":"2017-11-02T08:17:58.642Z","v":0}
{"name":"hexo","hostname":"California_VPS","pid":7318,"level":20,"msg":"Plugin loaded: \u001b[35mhexo-renderer-marked\u001b[39m","time":"2017-11-02T08:17:58.648Z","v":0}
{"name":"hexo","hostname":"California_VPS","pid":7318,"level":20,"msg":"Plugin loaded: \u001b[35mhexo-renderer-stylus\u001b[39m","time":"2017-11-02T08:17:58.649Z","v":0}
{"name":"hexo","hostname":"California_VPS","pid":7318,"level":20,"msg":"Plugin loaded: \u001b[35mhexo-server\u001b[39m","time":"2017-11-02T08:17:58.714Z","v":0}
{"name":"hexo","hostname":"California_VPS","pid":7318,"level":20,"msg":"Loading database.","time":"2017-11-02T08:17:58.721Z","v":0}
{"name":"hexo","hostname":"California_VPS","pid":7318,"level":30,"msg":"Start processing","time":"2017-11-02T08:17:59.090Z","v":0}
{"name":"hexo","hostname":"California_VPS","pid":7318,"level":20,"msg":"Processed: \u001b[35m404/index.md\u001b[39m","time":"2017-11-02T08:17:59.126Z","v":0}
{"name":"hexo","hostname":"California_VPS","pid":7318,"level":20,"msg":"Processed: \u001b[35m_posts/RunLoop的前世今生.md\u001b[39m","time":"2017-11-02T08:17:59.126Z","v":0}
{"name":"hexo","hostname":"California_VPS","pid":7318,"level":20,"msg":"Processed: \u001b[35m_posts/VPS搭建高速VPN服务器.md\u001b[39m","time":"2017-11-02T08:17:59.127Z","v":0}
{"name":"hexo","hostname":"California_VPS","pid":7318,"level":20,"msg":"Processed: \u001b[35m_posts/Weex从入门到超神（一）.md\u001b[39m","time":"2017-11-02T08:17:59.127Z","v":0}
{"name":"hexo","hostname":"California_VPS","pid":7318,"level":20,"msg":"Processed: \u001b[35m_posts/Weex从入门到超神（二）.md\u001b[39m","time":"2017-11-02T08:17:59.127Z","v":0}
{"name":"hexo","hostname":"California_VPS","pid":7318,"level":20,"msg":"Processed: \u001b[35m_posts/Xcode编译报错Undefined symbols解决方案.md\u001b[39m","time":"2017-11-02T08:17:59.127Z","v":0}
{"name":"hexo","hostname":"California_VPS","pid":7318,"level":20,"msg":"Processed: \u001b[35m_posts/dumpdecrypted给App砸壳.md\u001b[39m","time":"2017-11-02T08:17:59.127Z","v":0}
{"name":"hexo","hostname":"California_VPS","pid":7318,"level":20,"msg":"Processed: \u001b[35m_posts/iOS静态库SDK制作（包含第三方静态库）.md\u001b[39m","time":"2017-11-02T08:17:59.127Z","v":0}
{"name":"hexo","hostname":"California_VPS","pid":7318,"level":20,"msg":"Processed: \u001b[35m_posts/iPhone查找序列号生成函数.md\u001b[39m","time":"2017-11-02T08:17:59.127Z","v":0}
{"name":"hexo","hostname":"California_VPS","pid":7318,"level":20,"msg":"Processed: \u001b[35m_posts/strong-weak-dance.md\u001b[39m","time":"2017-11-02T08:17:59.128Z","v":0}
{"name":"hexo","hostname":"California_VPS","pid":7318,"level":20,"msg":"Processed: \u001b[35m_posts/手把手教你逆向微信之朋友圈小视频转发（上）.md\u001b[39m","time":"2017-11-02T08:17:59.128Z","v":0}
{"name":"hexo","hostname":"California_VPS","pid":7318,"level":20,"msg":"Processed: \u001b[35m_posts/手把手教你逆向微信之朋友圈小视频转发（下）.md\u001b[39m","time":"2017-11-02T08:17:59.128Z","v":0}
{"name":"hexo","hostname":"California_VPS","pid":7318,"level":20,"msg":"Processed: \u001b[35m_posts/黑科技：把第三方 iOS 应用转成动态库.md\u001b[39m","time":"2017-11-02T08:17:59.128Z","v":0}
{"name":"hexo","hostname":"California_VPS","pid":7318,"level":20,"msg":"Processed: \u001b[35mabout/index.md\u001b[39m","time":"2017-11-02T08:17:59.128Z","v":0}
{"name":"hexo","hostname":"California_VPS","pid":7318,"level":20,"msg":"Processed: \u001b[35mtags/index.md\u001b[39m","time":"2017-11-02T08:17:59.128Z","v":0}
{"name":"hexo","hostname":"California_VPS","pid":7318,"level":20,"msg":"Generator: \u001b[35mpage\u001b[39m","time":"2017-11-02T08:17:59.182Z","v":0}
{"name":"hexo","hostname":"California_VPS","pid":7318,"level":20,"msg":"Generator: \u001b[35mpost\u001b[39m","time":"2017-11-02T08:17:59.182Z","v":0}
{"name":"hexo","hostname":"California_VPS","pid":7318,"level":20,"msg":"Generator: \u001b[35marchive\u001b[39m","time":"2017-11-02T08:17:59.182Z","v":0}
{"name":"hexo","hostname":"California_VPS","pid":7318,"level":20,"msg":"Generator: \u001b[35mbaidusitemap\u001b[39m","time":"2017-11-02T08:17:59.182Z","v":0}
{"name":"hexo","hostname":"California_VPS","pid":7318,"level":20,"msg":"Generator: \u001b[35mcategory\u001b[39m","time":"2017-11-02T08:17:59.182Z","v":0}
{"name":"hexo","hostname":"California_VPS","pid":7318,"level":20,"msg":"Generator: \u001b[35mindex\u001b[39m","time":"2017-11-02T08:17:59.182Z","v":0}
{"name":"hexo","hostname":"California_VPS","pid":7318,"level":20,"msg":"Generator: \u001b[35msitemap\u001b[39m","time":"2017-11-02T08:17:59.183Z","v":0}
{"name":"hexo","hostname":"California_VPS","pid":7318,"level":20,"msg":"Generator: \u001b[35mtag\u001b[39m","time":"2017-11-02T08:17:59.183Z","v":0}
{"name":"hexo","hostname":"California_VPS","pid":7318,"level":20,"msg":"Generator: \u001b[35masset\u001b[39m","time":"2017-11-02T08:17:59.183Z","v":0}
{"name":"hexo","hostname":"California_VPS","pid":7318,"level":30,"msg":"Hexo is running at \u001b[4mhttp://localhost:4000/\u001b[24m. Press Ctrl+C to stop.","time":"2017-11-02T08:17:59.192Z","v":0}
{"name":"hexo","hostname":"California_VPS","pid":7318,"level":20,"msg":"Database saved","time":"2017-11-02T08:17:59.222Z","v":0}
{"name":"hexo","hostname":"California_VPS","pid":7318,"level":40,"msg":"No layout: \u001b[35mindex.html\u001b[39m","time":"2017-11-02T08:18:07.741Z","v":0}
{"name":"hexo","hostname":"California_VPS","pid":7318,"level":40,"msg":"No layout: \u001b[35mindex.html\u001b[39m","time":"2017-11-02T08:18:10.585Z","v":0}
{"name":"hexo","hostname":"California_VPS","pid":7318,"level":40,"msg":"No layout: \u001b[35mindex.html\u001b[39m","time":"2017-11-02T08:18:15.102Z","v":0}
